[2024-09-26 12:09:06.767] [jointLog] [info] setting maxHashResizeThreads to 64
[2024-09-26 12:09:06.767] [jointLog] [info] Fragment incompatibility prior below threshold.  Incompatible fragments will be ignored.
[2024-09-26 12:09:06.767] [jointLog] [info] Usage of --validateMappings implies use of minScoreFraction. Since not explicitly specified, it is being set to 0.65
[2024-09-26 12:09:06.767] [jointLog] [info] Setting consensusSlack to selective-alignment default of 0.35.
[2024-09-26 12:09:06.767] [jointLog] [info] parsing read library format
[2024-09-26 12:09:06.767] [jointLog] [info] There is 1 library.
[2024-09-26 12:09:06.773] [jointLog] [info] Loading pufferfish index
[2024-09-26 12:09:06.780] [jointLog] [info] Loading dense pufferfish index.
[2024-09-26 12:09:37.505] [jointLog] [info] done
[2024-09-26 12:09:37.698] [jointLog] [info] Index contained 44,182 targets
[2024-09-26 12:09:40.113] [jointLog] [info] Number of decoys : 871
[2024-09-26 12:09:40.113] [jointLog] [info] First decoy index : 43,311 
[2024-09-26 12:09:40.135] [jointLog] [warning] Fragment GC bias correction is currently *experimental* in single-end libraries.  Please use this option with caution.
[2024-09-26 12:12:13.951] [jointLog] [info] Automatically detected most likely library type as SF

[2024-09-26 12:24:23.800] [jointLog] [info] Thread saw mini-batch with a maximum of 0.10% zero probability fragments
[2024-09-26 12:24:23.801] [jointLog] [info] Thread saw mini-batch with a maximum of 0.08% zero probability fragments
[2024-09-26 12:24:23.801] [jointLog] [info] Thread saw mini-batch with a maximum of 0.10% zero probability fragments
[2024-09-26 12:24:23.801] [jointLog] [info] Thread saw mini-batch with a maximum of 0.06% zero probability fragments
[2024-09-26 12:24:23.801] [jointLog] [info] Thread saw mini-batch with a maximum of 0.08% zero probability fragments
[2024-09-26 12:24:23.801] [jointLog] [info] Thread saw mini-batch with a maximum of 0.08% zero probability fragments
[2024-09-26 12:24:23.801] [jointLog] [info] Thread saw mini-batch with a maximum of 0.08% zero probability fragments
[2024-09-26 12:24:23.802] [jointLog] [info] Thread saw mini-batch with a maximum of 0.06% zero probability fragments
[2024-09-26 12:24:23.803] [jointLog] [info] Thread saw mini-batch with a maximum of 0.06% zero probability fragments
[2024-09-26 12:24:23.804] [jointLog] [info] Thread saw mini-batch with a maximum of 0.08% zero probability fragments
[2024-09-26 12:24:23.804] [jointLog] [info] Thread saw mini-batch with a maximum of 0.08% zero probability fragments
[2024-09-26 12:24:23.804] [jointLog] [info] Thread saw mini-batch with a maximum of 0.04% zero probability fragments
[2024-09-26 12:24:23.804] [jointLog] [info] Thread saw mini-batch with a maximum of 0.06% zero probability fragments
[2024-09-26 12:24:23.804] [jointLog] [info] Thread saw mini-batch with a maximum of 0.10% zero probability fragments
[2024-09-26 12:24:23.804] [jointLog] [info] Thread saw mini-batch with a maximum of 0.08% zero probability fragments
[2024-09-26 12:24:23.805] [jointLog] [info] Thread saw mini-batch with a maximum of 0.08% zero probability fragments
[2024-09-26 12:24:23.808] [jointLog] [info] Thread saw mini-batch with a maximum of 0.08% zero probability fragments
[2024-09-26 12:24:23.808] [jointLog] [info] Thread saw mini-batch with a maximum of 0.08% zero probability fragments
[2024-09-26 12:24:23.808] [jointLog] [info] Thread saw mini-batch with a maximum of 0.06% zero probability fragments
[2024-09-26 12:24:23.809] [jointLog] [info] Thread saw mini-batch with a maximum of 0.06% zero probability fragments
[2024-09-26 12:24:23.812] [jointLog] [info] Thread saw mini-batch with a maximum of 0.08% zero probability fragments
[2024-09-26 12:24:23.813] [jointLog] [info] Thread saw mini-batch with a maximum of 0.08% zero probability fragments
[2024-09-26 12:24:23.813] [jointLog] [info] Thread saw mini-batch with a maximum of 0.08% zero probability fragments
[2024-09-26 12:24:23.813] [jointLog] [info] Thread saw mini-batch with a maximum of 0.08% zero probability fragments
[2024-09-26 12:24:23.813] [jointLog] [info] Thread saw mini-batch with a maximum of 0.12% zero probability fragments
[2024-09-26 12:24:23.816] [jointLog] [info] Thread saw mini-batch with a maximum of 0.08% zero probability fragments
[2024-09-26 12:24:23.816] [jointLog] [info] Thread saw mini-batch with a maximum of 0.08% zero probability fragments
[2024-09-26 12:24:23.817] [jointLog] [info] Thread saw mini-batch with a maximum of 0.06% zero probability fragments
[2024-09-26 12:24:23.818] [jointLog] [info] Thread saw mini-batch with a maximum of 0.06% zero probability fragments
[2024-09-26 12:24:23.819] [jointLog] [info] Thread saw mini-batch with a maximum of 0.08% zero probability fragments
[2024-09-26 12:24:23.819] [jointLog] [info] Thread saw mini-batch with a maximum of 0.08% zero probability fragments
[2024-09-26 12:24:23.819] [jointLog] [info] Thread saw mini-batch with a maximum of 0.08% zero probability fragments
[2024-09-26 12:24:23.821] [jointLog] [info] Thread saw mini-batch with a maximum of 0.08% zero probability fragments
[2024-09-26 12:24:23.830] [jointLog] [info] Thread saw mini-batch with a maximum of 0.04% zero probability fragments
[2024-09-26 12:24:23.842] [jointLog] [info] Thread saw mini-batch with a maximum of 0.06% zero probability fragments
[2024-09-26 12:24:23.845] [jointLog] [info] Thread saw mini-batch with a maximum of 0.08% zero probability fragments
[2024-09-26 12:24:23.852] [jointLog] [info] Thread saw mini-batch with a maximum of 0.08% zero probability fragments
[2024-09-26 12:24:23.860] [jointLog] [info] Thread saw mini-batch with a maximum of 0.06% zero probability fragments
[2024-09-26 12:24:23.893] [jointLog] [info] Thread saw mini-batch with a maximum of 0.10% zero probability fragments
[2024-09-26 12:24:23.897] [jointLog] [info] Thread saw mini-batch with a maximum of 0.10% zero probability fragments
[2024-09-26 12:24:24.570] [jointLog] [info] Thread saw mini-batch with a maximum of 0.08% zero probability fragments
[2024-09-26 12:24:24.803] [jointLog] [info] Thread saw mini-batch with a maximum of 0.20% zero probability fragments
[2024-09-26 12:24:25.615] [jointLog] [info] Thread saw mini-batch with a maximum of 0.08% zero probability fragments
[2024-09-26 12:24:26.854] [jointLog] [info] Thread saw mini-batch with a maximum of 0.10% zero probability fragments
[2024-09-26 12:24:26.855] [jointLog] [info] Thread saw mini-batch with a maximum of 0.06% zero probability fragments
[2024-09-26 12:24:27.901] [jointLog] [info] Thread saw mini-batch with a maximum of 0.10% zero probability fragments
[2024-09-26 12:24:30.728] [jointLog] [info] Thread saw mini-batch with a maximum of 0.08% zero probability fragments
[2024-09-26 12:24:30.868] [jointLog] [info] Thread saw mini-batch with a maximum of 0.08% zero probability fragments
[2024-09-26 12:24:31.207] [jointLog] [info] Thread saw mini-batch with a maximum of 0.08% zero probability fragments
[2024-09-26 12:24:32.356] [jointLog] [info] Thread saw mini-batch with a maximum of 0.06% zero probability fragments
[2024-09-26 12:24:33.819] [jointLog] [info] Thread saw mini-batch with a maximum of 0.10% zero probability fragments
[2024-09-26 12:24:34.156] [jointLog] [info] Thread saw mini-batch with a maximum of 0.04% zero probability fragments
[2024-09-26 12:24:35.025] [jointLog] [info] Thread saw mini-batch with a maximum of 0.04% zero probability fragments
[2024-09-26 12:24:37.295] [jointLog] [info] Thread saw mini-batch with a maximum of 0.08% zero probability fragments
[2024-09-26 12:24:42.894] [jointLog] [info] Thread saw mini-batch with a maximum of 0.06% zero probability fragments
[2024-09-26 12:24:43.279] [jointLog] [info] Thread saw mini-batch with a maximum of 0.08% zero probability fragments
[2024-09-26 12:24:47.562] [jointLog] [info] Thread saw mini-batch with a maximum of 0.08% zero probability fragments
[2024-09-26 12:24:54.022] [jointLog] [info] Thread saw mini-batch with a maximum of 0.08% zero probability fragments
[2024-09-26 12:24:55.776] [jointLog] [info] Thread saw mini-batch with a maximum of 0.08% zero probability fragments
[2024-09-26 12:24:59.022] [jointLog] [info] Thread saw mini-batch with a maximum of 0.08% zero probability fragments
[2024-09-26 12:24:59.779] [jointLog] [info] Thread saw mini-batch with a maximum of 0.08% zero probability fragments
[2024-09-26 12:25:01.431] [jointLog] [info] Thread saw mini-batch with a maximum of 0.06% zero probability fragments
[2024-09-26 12:25:04.063] [jointLog] [info] Thread saw mini-batch with a maximum of 0.14% zero probability fragments
[2024-09-26 12:25:08.335] [jointLog] [info] Thread saw mini-batch with a maximum of 0.08% zero probability fragments
[2024-09-26 12:25:22.292] [fileLog] [info] 
At end of round 0
==================
Observed 7310508 total fragments (7310508 in most recent round)

[2024-09-26 12:25:22.291] [jointLog] [info] Computed 7,784 rich equivalence classes for further processing
[2024-09-26 12:25:22.291] [jointLog] [info] Counted 458,354 total reads in the equivalence classes 
[2024-09-26 12:25:24.092] [jointLog] [info] Number of mappings discarded because of alignment score : 15,190,223
[2024-09-26 12:25:24.092] [jointLog] [info] Number of fragments entirely discarded because of alignment score : 479,335
[2024-09-26 12:25:24.092] [jointLog] [info] Number of fragments discarded because they are best-mapped to decoys : 80,890
[2024-09-26 12:25:24.092] [jointLog] [info] Number of fragments discarded because they have only dovetail (discordant) mappings to valid targets : 0
[2024-09-26 12:25:24.249] [jointLog] [warning] Only 458354 fragments were mapped, but the number of burn-in fragments was set to 5000000.
The effective lengths have been computed using the observed mappings.

[2024-09-26 12:25:24.249] [jointLog] [info] Mapping rate = 6.2698%

[2024-09-26 12:25:24.249] [jointLog] [info] finished quantifyLibrary()
[2024-09-26 12:25:24.367] [jointLog] [info] Starting optimizer
[2024-09-26 12:25:25.168] [jointLog] [info] Marked 0 weighted equivalence classes as degenerate
[2024-09-26 12:25:25.219] [jointLog] [info] iteration = 0 | max rel diff. = 1037.57
[2024-09-26 12:25:25.937] [jointLog] [info] iteration 11, adjusting effective lengths to account for biases
[2024-09-26 12:27:16.705] [jointLog] [info] Computed expected counts (for bias correction)
[2024-09-26 12:27:16.707] [jointLog] [info] processed bias for 0.0% of the transcripts
[2024-09-26 12:27:21.924] [jointLog] [info] processed bias for 10.1% of the transcripts
[2024-09-26 12:27:29.146] [jointLog] [info] processed bias for 20.0% of the transcripts
[2024-09-26 12:27:35.393] [jointLog] [info] processed bias for 30.1% of the transcripts
[2024-09-26 12:27:44.540] [jointLog] [info] processed bias for 40.0% of the transcripts
[2024-09-26 12:27:53.116] [jointLog] [info] processed bias for 50.0% of the transcripts
[2024-09-26 12:27:59.325] [jointLog] [info] processed bias for 60.1% of the transcripts
[2024-09-26 12:28:11.434] [jointLog] [info] processed bias for 70.0% of the transcripts
[2024-09-26 12:28:24.840] [jointLog] [info] processed bias for 80.0% of the transcripts
[2024-09-26 12:28:31.310] [jointLog] [info] processed bias for 90.0% of the transcripts
[2024-09-26 12:28:43.114] [jointLog] [info] processed bias for 100.0% of the transcripts
[2024-09-26 12:28:45.712] [jointLog] [info] iteration = 100 | max rel diff. = 16.1579
[2024-09-26 12:28:49.013] [jointLog] [info] iteration = 200 | max rel diff. = 1.02197
[2024-09-26 12:28:53.100] [jointLog] [info] iteration = 300 | max rel diff. = 4.55074
[2024-09-26 12:28:57.684] [jointLog] [info] iteration = 400 | max rel diff. = 0.120716
[2024-09-26 12:29:01.609] [jointLog] [info] iteration = 500 | max rel diff. = 0.61513
[2024-09-26 12:29:05.590] [jointLog] [info] iteration = 600 | max rel diff. = 0.167167
[2024-09-26 12:29:12.713] [jointLog] [info] iteration = 700 | max rel diff. = 0.538732
[2024-09-26 12:29:18.850] [jointLog] [info] iteration = 800 | max rel diff. = 0.0199497
[2024-09-26 12:29:19.646] [jointLog] [info] iteration = 900 | max rel diff. = 0.100558
[2024-09-26 12:29:19.701] [jointLog] [info] iteration = 912 | max rel diff. = 0.00892606
[2024-09-26 12:29:19.748] [jointLog] [info] Finished optimizer
[2024-09-26 12:29:19.748] [jointLog] [info] writing output 

