[2024-09-26 20:24:29.038] [jointLog] [info] setting maxHashResizeThreads to 64
[2024-09-26 20:24:29.038] [jointLog] [info] Fragment incompatibility prior below threshold.  Incompatible fragments will be ignored.
[2024-09-26 20:24:29.038] [jointLog] [info] Usage of --validateMappings implies use of minScoreFraction. Since not explicitly specified, it is being set to 0.65
[2024-09-26 20:24:29.038] [jointLog] [info] Setting consensusSlack to selective-alignment default of 0.35.
[2024-09-26 20:24:29.038] [jointLog] [info] parsing read library format
[2024-09-26 20:24:29.038] [jointLog] [info] There is 1 library.
[2024-09-26 20:24:29.040] [jointLog] [info] Loading pufferfish index
[2024-09-26 20:24:29.041] [jointLog] [info] Loading dense pufferfish index.
[2024-09-26 20:25:59.998] [jointLog] [info] done
[2024-09-26 20:26:01.678] [jointLog] [info] Index contained 44,182 targets
[2024-09-26 20:26:42.129] [jointLog] [info] Number of decoys : 871
[2024-09-26 20:26:42.129] [jointLog] [info] First decoy index : 43,311 
[2024-09-26 20:26:42.289] [jointLog] [warning] Fragment GC bias correction is currently *experimental* in single-end libraries.  Please use this option with caution.
[2024-09-26 20:27:04.625] [jointLog] [info] Automatically detected most likely library type as SF

[2024-09-26 20:30:40.287] [jointLog] [info] Thread saw mini-batch with a maximum of 0.40% zero probability fragments
[2024-09-26 20:30:40.356] [jointLog] [info] Thread saw mini-batch with a maximum of 0.36% zero probability fragments
[2024-09-26 20:30:40.633] [jointLog] [info] Thread saw mini-batch with a maximum of 0.34% zero probability fragments
[2024-09-26 20:30:40.647] [jointLog] [info] Thread saw mini-batch with a maximum of 0.34% zero probability fragments
[2024-09-26 20:30:40.879] [jointLog] [info] Thread saw mini-batch with a maximum of 0.32% zero probability fragments
[2024-09-26 20:30:40.966] [jointLog] [info] Thread saw mini-batch with a maximum of 0.30% zero probability fragments
[2024-09-26 20:30:40.984] [jointLog] [info] Thread saw mini-batch with a maximum of 0.34% zero probability fragments
[2024-09-26 20:30:40.999] [jointLog] [info] Thread saw mini-batch with a maximum of 0.32% zero probability fragments
[2024-09-26 20:30:41.012] [jointLog] [info] Thread saw mini-batch with a maximum of 0.32% zero probability fragments
[2024-09-26 20:30:41.020] [jointLog] [info] Thread saw mini-batch with a maximum of 0.34% zero probability fragments
[2024-09-26 20:30:41.043] [jointLog] [info] Thread saw mini-batch with a maximum of 0.32% zero probability fragments
[2024-09-26 20:30:41.238] [jointLog] [info] Thread saw mini-batch with a maximum of 0.36% zero probability fragments
[2024-09-26 20:30:41.314] [jointLog] [info] Thread saw mini-batch with a maximum of 0.36% zero probability fragments
[2024-09-26 20:30:41.386] [jointLog] [info] Thread saw mini-batch with a maximum of 0.32% zero probability fragments
[2024-09-26 20:30:41.458] [jointLog] [info] Thread saw mini-batch with a maximum of 0.42% zero probability fragments
[2024-09-26 20:30:41.531] [jointLog] [info] Thread saw mini-batch with a maximum of 0.30% zero probability fragments
[2024-09-26 20:30:41.756] [jointLog] [info] Thread saw mini-batch with a maximum of 0.36% zero probability fragments
[2024-09-26 20:30:41.863] [jointLog] [info] Thread saw mini-batch with a maximum of 0.30% zero probability fragments
[2024-09-26 20:30:41.931] [jointLog] [info] Thread saw mini-batch with a maximum of 0.36% zero probability fragments
[2024-09-26 20:30:42.224] [jointLog] [info] Thread saw mini-batch with a maximum of 0.32% zero probability fragments
[2024-09-26 20:30:42.364] [jointLog] [info] Thread saw mini-batch with a maximum of 0.36% zero probability fragments
[2024-09-26 20:30:42.833] [jointLog] [info] Thread saw mini-batch with a maximum of 0.32% zero probability fragments
[2024-09-26 20:30:43.488] [jointLog] [info] Thread saw mini-batch with a maximum of 0.38% zero probability fragments
[2024-09-26 20:30:43.637] [jointLog] [info] Thread saw mini-batch with a maximum of 0.30% zero probability fragments
[2024-09-26 20:30:43.735] [jointLog] [info] Thread saw mini-batch with a maximum of 0.32% zero probability fragments
[2024-09-26 20:30:43.794] [jointLog] [info] Thread saw mini-batch with a maximum of 0.30% zero probability fragments
[2024-09-26 20:30:44.073] [jointLog] [info] Thread saw mini-batch with a maximum of 0.30% zero probability fragments
[2024-09-26 20:30:44.185] [jointLog] [info] Thread saw mini-batch with a maximum of 0.28% zero probability fragments
[2024-09-26 20:30:44.804] [jointLog] [info] Thread saw mini-batch with a maximum of 0.30% zero probability fragments
[2024-09-26 20:30:44.882] [jointLog] [info] Thread saw mini-batch with a maximum of 0.32% zero probability fragments
[2024-09-26 20:30:44.915] [jointLog] [info] Thread saw mini-batch with a maximum of 0.38% zero probability fragments
[2024-09-26 20:30:45.224] [jointLog] [info] Thread saw mini-batch with a maximum of 0.38% zero probability fragments
[2024-09-26 20:30:45.289] [jointLog] [info] Thread saw mini-batch with a maximum of 0.40% zero probability fragments
[2024-09-26 20:30:45.305] [jointLog] [info] Thread saw mini-batch with a maximum of 0.32% zero probability fragments
[2024-09-26 20:30:45.862] [jointLog] [info] Thread saw mini-batch with a maximum of 0.34% zero probability fragments
[2024-09-26 20:30:46.058] [jointLog] [info] Thread saw mini-batch with a maximum of 0.32% zero probability fragments
[2024-09-26 20:30:46.726] [jointLog] [info] Thread saw mini-batch with a maximum of 0.36% zero probability fragments
[2024-09-26 20:30:46.912] [jointLog] [info] Thread saw mini-batch with a maximum of 0.30% zero probability fragments
[2024-09-26 20:30:46.981] [jointLog] [info] Thread saw mini-batch with a maximum of 0.44% zero probability fragments
[2024-09-26 20:30:47.148] [jointLog] [info] Thread saw mini-batch with a maximum of 0.32% zero probability fragments
[2024-09-26 20:30:47.405] [jointLog] [info] Thread saw mini-batch with a maximum of 0.28% zero probability fragments
[2024-09-26 20:30:47.606] [jointLog] [info] Thread saw mini-batch with a maximum of 0.34% zero probability fragments
[2024-09-26 20:30:47.688] [jointLog] [info] Thread saw mini-batch with a maximum of 0.30% zero probability fragments
[2024-09-26 20:30:48.473] [jointLog] [info] Thread saw mini-batch with a maximum of 0.32% zero probability fragments
[2024-09-26 20:30:48.611] [jointLog] [info] Thread saw mini-batch with a maximum of 0.36% zero probability fragments
[2024-09-26 20:30:48.783] [jointLog] [info] Thread saw mini-batch with a maximum of 0.34% zero probability fragments
[2024-09-26 20:30:48.833] [jointLog] [info] Thread saw mini-batch with a maximum of 0.28% zero probability fragments
[2024-09-26 20:30:48.848] [jointLog] [info] Thread saw mini-batch with a maximum of 0.32% zero probability fragments
[2024-09-26 20:30:48.912] [jointLog] [info] Thread saw mini-batch with a maximum of 0.32% zero probability fragments
[2024-09-26 20:30:49.070] [jointLog] [info] Thread saw mini-batch with a maximum of 0.32% zero probability fragments
[2024-09-26 20:30:49.125] [jointLog] [info] Thread saw mini-batch with a maximum of 0.38% zero probability fragments
[2024-09-26 20:30:49.171] [jointLog] [info] Thread saw mini-batch with a maximum of 0.38% zero probability fragments
[2024-09-26 20:30:49.304] [jointLog] [info] Thread saw mini-batch with a maximum of 0.32% zero probability fragments
[2024-09-26 20:30:49.353] [jointLog] [info] Thread saw mini-batch with a maximum of 0.30% zero probability fragments
[2024-09-26 20:30:49.397] [jointLog] [info] Thread saw mini-batch with a maximum of 0.36% zero probability fragments
[2024-09-26 20:30:49.627] [jointLog] [info] Thread saw mini-batch with a maximum of 0.30% zero probability fragments
[2024-09-26 20:30:49.654] [jointLog] [info] Thread saw mini-batch with a maximum of 0.30% zero probability fragments
[2024-09-26 20:30:49.694] [jointLog] [info] Thread saw mini-batch with a maximum of 0.38% zero probability fragments
[2024-09-26 20:30:49.792] [jointLog] [info] Thread saw mini-batch with a maximum of 0.38% zero probability fragments
[2024-09-26 20:30:50.246] [jointLog] [info] Thread saw mini-batch with a maximum of 0.32% zero probability fragments
[2024-09-26 20:30:50.672] [jointLog] [info] Thread saw mini-batch with a maximum of 0.34% zero probability fragments
[2024-09-26 20:30:51.006] [jointLog] [info] Thread saw mini-batch with a maximum of 0.32% zero probability fragments
[2024-09-26 20:30:51.522] [jointLog] [info] Thread saw mini-batch with a maximum of 0.32% zero probability fragments
[2024-09-26 20:30:51.989] [jointLog] [info] Thread saw mini-batch with a maximum of 0.32% zero probability fragments
[2024-09-26 20:31:02.974] [jointLog] [info] Computed 22,614 rich equivalence classes for further processing
[2024-09-26 20:31:02.974] [jointLog] [info] Counted 1,665,719 total reads in the equivalence classes 
[2024-09-26 20:31:02.994] [fileLog] [info] 
At end of round 0
==================
Observed 8749388 total fragments (8749388 in most recent round)

[2024-09-26 20:31:04.314] [jointLog] [info] Number of mappings discarded because of alignment score : 28,475,886
[2024-09-26 20:31:04.314] [jointLog] [info] Number of fragments entirely discarded because of alignment score : 1,265,341
[2024-09-26 20:31:04.314] [jointLog] [info] Number of fragments discarded because they are best-mapped to decoys : 266,065
[2024-09-26 20:31:04.314] [jointLog] [info] Number of fragments discarded because they have only dovetail (discordant) mappings to valid targets : 0
[2024-09-26 20:31:04.363] [jointLog] [warning] Only 1665719 fragments were mapped, but the number of burn-in fragments was set to 5000000.
The effective lengths have been computed using the observed mappings.

[2024-09-26 20:31:04.363] [jointLog] [info] Mapping rate = 19.0381%

[2024-09-26 20:31:04.363] [jointLog] [info] finished quantifyLibrary()
[2024-09-26 20:31:04.443] [jointLog] [info] Starting optimizer
[2024-09-26 20:31:05.603] [jointLog] [info] Marked 0 weighted equivalence classes as degenerate
[2024-09-26 20:31:05.687] [jointLog] [info] iteration = 0 | max rel diff. = 3716.22
[2024-09-26 20:31:07.249] [jointLog] [info] iteration 11, adjusting effective lengths to account for biases
[2024-09-26 20:33:11.645] [jointLog] [info] Computed expected counts (for bias correction)
[2024-09-26 20:33:11.645] [jointLog] [info] processed bias for 0.0% of the transcripts
[2024-09-26 20:33:15.211] [jointLog] [info] processed bias for 10.0% of the transcripts
[2024-09-26 20:33:18.789] [jointLog] [info] processed bias for 20.0% of the transcripts
[2024-09-26 20:33:21.159] [jointLog] [info] processed bias for 30.1% of the transcripts
[2024-09-26 20:33:25.010] [jointLog] [info] processed bias for 40.0% of the transcripts
[2024-09-26 20:33:28.155] [jointLog] [info] processed bias for 50.0% of the transcripts
[2024-09-26 20:33:32.392] [jointLog] [info] processed bias for 60.0% of the transcripts
[2024-09-26 20:33:36.320] [jointLog] [info] processed bias for 70.0% of the transcripts
[2024-09-26 20:33:39.916] [jointLog] [info] processed bias for 80.0% of the transcripts
[2024-09-26 20:33:42.972] [jointLog] [info] processed bias for 90.0% of the transcripts
[2024-09-26 20:33:44.353] [jointLog] [info] processed bias for 100.0% of the transcripts
[2024-09-26 20:33:45.538] [jointLog] [info] iteration = 100 | max rel diff. = 9.72322
[2024-09-26 20:33:47.402] [jointLog] [info] iteration = 200 | max rel diff. = 1.75182
[2024-09-26 20:33:48.781] [jointLog] [info] iteration = 300 | max rel diff. = 9.6818
[2024-09-26 20:33:50.310] [jointLog] [info] iteration = 400 | max rel diff. = 15.7807
[2024-09-26 20:33:51.806] [jointLog] [info] iteration = 500 | max rel diff. = 3.95206
[2024-09-26 20:33:53.272] [jointLog] [info] iteration = 600 | max rel diff. = 0.23776
[2024-09-26 20:33:54.324] [jointLog] [info] iteration = 700 | max rel diff. = 0.0515778
[2024-09-26 20:33:54.768] [jointLog] [info] iteration = 800 | max rel diff. = 0.107513
[2024-09-26 20:33:55.653] [jointLog] [info] iteration = 900 | max rel diff. = 0.0659732
[2024-09-26 20:33:56.273] [jointLog] [info] iteration = 1,000 | max rel diff. = 0.0889996
[2024-09-26 20:33:56.969] [jointLog] [info] iteration = 1,100 | max rel diff. = 0.193988
[2024-09-26 20:33:57.764] [jointLog] [info] iteration = 1,200 | max rel diff. = 0.0512207
[2024-09-26 20:33:58.482] [jointLog] [info] iteration = 1,300 | max rel diff. = 0.171302
[2024-09-26 20:33:59.240] [jointLog] [info] iteration = 1,400 | max rel diff. = 0.028767
[2024-09-26 20:33:59.585] [jointLog] [info] iteration = 1,441 | max rel diff. = 0.00801268
[2024-09-26 20:33:59.596] [jointLog] [info] Finished optimizer
[2024-09-26 20:33:59.596] [jointLog] [info] writing output 

