[2024-09-26 12:09:06.845] [jointLog] [info] setting maxHashResizeThreads to 64
[2024-09-26 12:09:06.845] [jointLog] [info] Fragment incompatibility prior below threshold.  Incompatible fragments will be ignored.
[2024-09-26 12:09:06.845] [jointLog] [info] Usage of --validateMappings implies use of minScoreFraction. Since not explicitly specified, it is being set to 0.65
[2024-09-26 12:09:06.845] [jointLog] [info] Setting consensusSlack to selective-alignment default of 0.35.
[2024-09-26 12:09:06.845] [jointLog] [info] parsing read library format
[2024-09-26 12:09:06.845] [jointLog] [info] There is 1 library.
[2024-09-26 12:09:06.849] [jointLog] [info] Loading pufferfish index
[2024-09-26 12:09:06.850] [jointLog] [info] Loading dense pufferfish index.
[2024-09-26 12:09:37.505] [jointLog] [info] done
[2024-09-26 12:09:37.778] [jointLog] [info] Index contained 44,182 targets
[2024-09-26 12:09:40.096] [jointLog] [info] Number of decoys : 871
[2024-09-26 12:09:40.096] [jointLog] [info] First decoy index : 43,311 
[2024-09-26 12:09:40.111] [jointLog] [warning] Fragment GC bias correction is currently *experimental* in single-end libraries.  Please use this option with caution.
[2024-09-26 12:10:53.942] [jointLog] [info] Automatically detected most likely library type as SF

[2024-09-26 12:25:46.311] [jointLog] [info] Thread saw mini-batch with a maximum of 0.18% zero probability fragments
[2024-09-26 12:25:46.559] [jointLog] [info] Thread saw mini-batch with a maximum of 0.16% zero probability fragments
[2024-09-26 12:25:46.763] [jointLog] [info] Thread saw mini-batch with a maximum of 0.24% zero probability fragments
[2024-09-26 12:25:46.880] [jointLog] [info] Thread saw mini-batch with a maximum of 0.20% zero probability fragments
[2024-09-26 12:25:47.009] [jointLog] [info] Thread saw mini-batch with a maximum of 0.20% zero probability fragments
[2024-09-26 12:25:47.476] [jointLog] [info] Thread saw mini-batch with a maximum of 0.26% zero probability fragments
[2024-09-26 12:25:47.559] [jointLog] [info] Thread saw mini-batch with a maximum of 0.18% zero probability fragments
[2024-09-26 12:25:47.646] [jointLog] [info] Thread saw mini-batch with a maximum of 0.20% zero probability fragments
[2024-09-26 12:25:47.905] [jointLog] [info] Thread saw mini-batch with a maximum of 0.16% zero probability fragments
[2024-09-26 12:25:48.372] [jointLog] [info] Thread saw mini-batch with a maximum of 0.22% zero probability fragments
[2024-09-26 12:25:48.490] [jointLog] [info] Thread saw mini-batch with a maximum of 0.18% zero probability fragments
[2024-09-26 12:25:48.524] [jointLog] [info] Thread saw mini-batch with a maximum of 0.22% zero probability fragments
[2024-09-26 12:25:48.612] [jointLog] [info] Thread saw mini-batch with a maximum of 0.22% zero probability fragments
[2024-09-26 12:25:48.833] [jointLog] [info] Thread saw mini-batch with a maximum of 0.20% zero probability fragments
[2024-09-26 12:25:48.877] [jointLog] [info] Thread saw mini-batch with a maximum of 0.18% zero probability fragments
[2024-09-26 12:25:48.917] [jointLog] [info] Thread saw mini-batch with a maximum of 0.22% zero probability fragments
[2024-09-26 12:25:48.953] [jointLog] [info] Thread saw mini-batch with a maximum of 0.16% zero probability fragments
[2024-09-26 12:25:48.961] [jointLog] [info] Thread saw mini-batch with a maximum of 0.14% zero probability fragments
[2024-09-26 12:25:49.013] [jointLog] [info] Thread saw mini-batch with a maximum of 0.16% zero probability fragments
[2024-09-26 12:25:49.099] [jointLog] [info] Thread saw mini-batch with a maximum of 0.14% zero probability fragments
[2024-09-26 12:25:49.244] [jointLog] [info] Thread saw mini-batch with a maximum of 0.24% zero probability fragments
[2024-09-26 12:25:49.334] [jointLog] [info] Thread saw mini-batch with a maximum of 0.20% zero probability fragments
[2024-09-26 12:25:49.380] [jointLog] [info] Thread saw mini-batch with a maximum of 0.18% zero probability fragments
[2024-09-26 12:25:49.463] [jointLog] [info] Thread saw mini-batch with a maximum of 0.20% zero probability fragments
[2024-09-26 12:25:49.682] [jointLog] [info] Thread saw mini-batch with a maximum of 0.20% zero probability fragments
[2024-09-26 12:25:49.702] [jointLog] [info] Thread saw mini-batch with a maximum of 0.18% zero probability fragments
[2024-09-26 12:25:49.745] [jointLog] [info] Thread saw mini-batch with a maximum of 0.20% zero probability fragments
[2024-09-26 12:25:49.904] [jointLog] [info] Thread saw mini-batch with a maximum of 0.18% zero probability fragments
[2024-09-26 12:25:50.057] [jointLog] [info] Thread saw mini-batch with a maximum of 0.22% zero probability fragments
[2024-09-26 12:25:50.062] [jointLog] [info] Thread saw mini-batch with a maximum of 0.22% zero probability fragments
[2024-09-26 12:25:50.184] [jointLog] [info] Thread saw mini-batch with a maximum of 0.20% zero probability fragments
[2024-09-26 12:25:50.302] [jointLog] [info] Thread saw mini-batch with a maximum of 0.18% zero probability fragments
[2024-09-26 12:25:50.472] [jointLog] [info] Thread saw mini-batch with a maximum of 0.22% zero probability fragments
[2024-09-26 12:25:50.488] [jointLog] [info] Thread saw mini-batch with a maximum of 0.18% zero probability fragments
[2024-09-26 12:25:50.498] [jointLog] [info] Thread saw mini-batch with a maximum of 0.22% zero probability fragments
[2024-09-26 12:25:50.750] [jointLog] [info] Thread saw mini-batch with a maximum of 0.16% zero probability fragments
[2024-09-26 12:25:50.809] [jointLog] [info] Thread saw mini-batch with a maximum of 0.18% zero probability fragments
[2024-09-26 12:25:50.878] [jointLog] [info] Thread saw mini-batch with a maximum of 0.20% zero probability fragments
[2024-09-26 12:25:51.092] [jointLog] [info] Thread saw mini-batch with a maximum of 0.18% zero probability fragments
[2024-09-26 12:25:51.157] [jointLog] [info] Thread saw mini-batch with a maximum of 0.16% zero probability fragments
[2024-09-26 12:25:51.224] [jointLog] [info] Thread saw mini-batch with a maximum of 0.16% zero probability fragments
[2024-09-26 12:25:51.367] [jointLog] [info] Thread saw mini-batch with a maximum of 0.14% zero probability fragments
[2024-09-26 12:25:51.807] [jointLog] [info] Thread saw mini-batch with a maximum of 0.18% zero probability fragments
[2024-09-26 12:25:55.616] [jointLog] [info] Thread saw mini-batch with a maximum of 0.14% zero probability fragments
[2024-09-26 12:25:56.434] [jointLog] [info] Thread saw mini-batch with a maximum of 0.14% zero probability fragments
[2024-09-26 12:25:56.607] [jointLog] [info] Thread saw mini-batch with a maximum of 0.18% zero probability fragments
[2024-09-26 12:25:56.972] [jointLog] [info] Thread saw mini-batch with a maximum of 0.20% zero probability fragments
[2024-09-26 12:25:57.567] [jointLog] [info] Thread saw mini-batch with a maximum of 0.16% zero probability fragments
[2024-09-26 12:25:59.821] [jointLog] [info] Thread saw mini-batch with a maximum of 0.18% zero probability fragments
[2024-09-26 12:26:01.345] [jointLog] [info] Thread saw mini-batch with a maximum of 0.16% zero probability fragments
[2024-09-26 12:26:04.117] [jointLog] [info] Thread saw mini-batch with a maximum of 0.22% zero probability fragments
[2024-09-26 12:26:04.621] [jointLog] [info] Thread saw mini-batch with a maximum of 0.20% zero probability fragments
[2024-09-26 12:26:05.126] [jointLog] [info] Thread saw mini-batch with a maximum of 0.16% zero probability fragments
[2024-09-26 12:26:08.281] [jointLog] [info] Thread saw mini-batch with a maximum of 0.18% zero probability fragments
[2024-09-26 12:26:08.580] [jointLog] [info] Thread saw mini-batch with a maximum of 0.18% zero probability fragments
[2024-09-26 12:26:09.541] [jointLog] [info] Thread saw mini-batch with a maximum of 0.16% zero probability fragments
[2024-09-26 12:26:09.715] [jointLog] [info] Thread saw mini-batch with a maximum of 0.20% zero probability fragments
[2024-09-26 12:26:10.504] [jointLog] [info] Thread saw mini-batch with a maximum of 0.16% zero probability fragments
[2024-09-26 12:26:15.700] [jointLog] [info] Thread saw mini-batch with a maximum of 0.26% zero probability fragments
[2024-09-26 12:26:16.541] [jointLog] [info] Thread saw mini-batch with a maximum of 0.22% zero probability fragments
[2024-09-26 12:26:20.897] [jointLog] [info] Thread saw mini-batch with a maximum of 0.22% zero probability fragments
[2024-09-26 12:26:21.001] [jointLog] [info] Thread saw mini-batch with a maximum of 0.18% zero probability fragments
[2024-09-26 12:26:22.107] [jointLog] [info] Thread saw mini-batch with a maximum of 0.18% zero probability fragments
[2024-09-26 12:26:29.976] [jointLog] [info] Thread saw mini-batch with a maximum of 0.16% zero probability fragments
[2024-09-26 12:26:37.706] [jointLog] [info] Computed 16,373 rich equivalence classes for further processing
[2024-09-26 12:26:37.706] [jointLog] [info] Counted 1,133,151 total reads in the equivalence classes 
[2024-09-26 12:26:37.707] [fileLog] [info] 
At end of round 0
==================
Observed 9116978 total fragments (9116978 in most recent round)

[2024-09-26 12:26:41.086] [jointLog] [info] Number of mappings discarded because of alignment score : 31,016,602
[2024-09-26 12:26:41.086] [jointLog] [info] Number of fragments entirely discarded because of alignment score : 996,866
[2024-09-26 12:26:41.086] [jointLog] [info] Number of fragments discarded because they are best-mapped to decoys : 175,869
[2024-09-26 12:26:41.086] [jointLog] [info] Number of fragments discarded because they have only dovetail (discordant) mappings to valid targets : 0
[2024-09-26 12:26:41.449] [jointLog] [warning] Only 1133151 fragments were mapped, but the number of burn-in fragments was set to 5000000.
The effective lengths have been computed using the observed mappings.

[2024-09-26 12:26:41.449] [jointLog] [info] Mapping rate = 12.429%

[2024-09-26 12:26:41.449] [jointLog] [info] finished quantifyLibrary()
[2024-09-26 12:26:41.544] [jointLog] [info] Starting optimizer
[2024-09-26 12:26:42.789] [jointLog] [info] Marked 0 weighted equivalence classes as degenerate
[2024-09-26 12:26:42.845] [jointLog] [info] iteration = 0 | max rel diff. = 2438.92
[2024-09-26 12:26:43.800] [jointLog] [info] iteration 11, adjusting effective lengths to account for biases
[2024-09-26 12:29:02.460] [jointLog] [info] Computed expected counts (for bias correction)
[2024-09-26 12:29:02.464] [jointLog] [info] processed bias for 0.1% of the transcripts
[2024-09-26 12:29:12.623] [jointLog] [info] processed bias for 10.1% of the transcripts
[2024-09-26 12:29:21.907] [jointLog] [info] processed bias for 20.0% of the transcripts
[2024-09-26 12:29:27.303] [jointLog] [info] processed bias for 30.0% of the transcripts
[2024-09-26 12:29:33.735] [jointLog] [info] processed bias for 40.0% of the transcripts
[2024-09-26 12:29:39.063] [jointLog] [info] processed bias for 50.0% of the transcripts
[2024-09-26 12:29:45.614] [jointLog] [info] processed bias for 60.0% of the transcripts
[2024-09-26 12:29:54.360] [jointLog] [info] processed bias for 70.0% of the transcripts
[2024-09-26 12:30:01.702] [jointLog] [info] processed bias for 80.0% of the transcripts
[2024-09-26 12:30:10.204] [jointLog] [info] processed bias for 90.0% of the transcripts
[2024-09-26 12:30:19.098] [jointLog] [info] processed bias for 100.0% of the transcripts
[2024-09-26 12:30:21.341] [jointLog] [info] iteration = 100 | max rel diff. = 11.1381
[2024-09-26 12:30:23.121] [jointLog] [info] iteration = 200 | max rel diff. = 4.87147
[2024-09-26 12:30:24.565] [jointLog] [info] iteration = 300 | max rel diff. = 0.864442
[2024-09-26 12:30:25.707] [jointLog] [info] iteration = 400 | max rel diff. = 0.139006
[2024-09-26 12:30:26.617] [jointLog] [info] iteration = 500 | max rel diff. = 1.67312
[2024-09-26 12:30:28.113] [jointLog] [info] iteration = 600 | max rel diff. = 2.94947
[2024-09-26 12:30:29.147] [jointLog] [info] iteration = 700 | max rel diff. = 0.0880043
[2024-09-26 12:30:30.213] [jointLog] [info] iteration = 800 | max rel diff. = 0.269242
[2024-09-26 12:30:30.866] [jointLog] [info] iteration = 900 | max rel diff. = 0.340777
[2024-09-26 12:30:31.390] [jointLog] [info] iteration = 1,000 | max rel diff. = 0.0436079
[2024-09-26 12:30:31.836] [jointLog] [info] iteration = 1,100 | max rel diff. = 0.0181888
[2024-09-26 12:30:32.379] [jointLog] [info] iteration = 1,200 | max rel diff. = 0.186475
[2024-09-26 12:30:32.925] [jointLog] [info] iteration = 1,300 | max rel diff. = 0.00911107
[2024-09-26 12:30:32.925] [jointLog] [info] iteration = 1,301 | max rel diff. = 0.00911107
[2024-09-26 12:30:32.933] [jointLog] [info] Finished optimizer
[2024-09-26 12:30:32.933] [jointLog] [info] writing output 

