[2024-09-26 12:09:06.750] [jointLog] [info] setting maxHashResizeThreads to 64
[2024-09-26 12:09:06.750] [jointLog] [info] Fragment incompatibility prior below threshold.  Incompatible fragments will be ignored.
[2024-09-26 12:09:06.750] [jointLog] [info] Usage of --validateMappings implies use of minScoreFraction. Since not explicitly specified, it is being set to 0.65
[2024-09-26 12:09:06.750] [jointLog] [info] Setting consensusSlack to selective-alignment default of 0.35.
[2024-09-26 12:09:06.750] [jointLog] [info] parsing read library format
[2024-09-26 12:09:06.750] [jointLog] [info] There is 1 library.
[2024-09-26 12:09:06.763] [jointLog] [info] Loading pufferfish index
[2024-09-26 12:09:06.781] [jointLog] [info] Loading dense pufferfish index.
[2024-09-26 12:09:37.505] [jointLog] [info] done
[2024-09-26 12:09:37.698] [jointLog] [info] Index contained 44,182 targets
[2024-09-26 12:09:39.492] [jointLog] [info] Number of decoys : 871
[2024-09-26 12:09:39.492] [jointLog] [info] First decoy index : 43,311 
[2024-09-26 12:09:39.501] [jointLog] [warning] Fragment GC bias correction is currently *experimental* in single-end libraries.  Please use this option with caution.
[2024-09-26 12:10:21.314] [jointLog] [info] Automatically detected most likely library type as SF

[2024-09-26 12:29:14.476] [jointLog] [info] Thread saw mini-batch with a maximum of 0.20% zero probability fragments
[2024-09-26 12:29:14.515] [jointLog] [info] Thread saw mini-batch with a maximum of 0.14% zero probability fragments
[2024-09-26 12:29:14.695] [jointLog] [info] Thread saw mini-batch with a maximum of 0.24% zero probability fragments
[2024-09-26 12:29:15.016] [jointLog] [info] Thread saw mini-batch with a maximum of 0.18% zero probability fragments
[2024-09-26 12:29:15.028] [jointLog] [info] Thread saw mini-batch with a maximum of 0.14% zero probability fragments
[2024-09-26 12:29:15.085] [jointLog] [info] Thread saw mini-batch with a maximum of 0.16% zero probability fragments
[2024-09-26 12:29:15.139] [jointLog] [info] Thread saw mini-batch with a maximum of 0.14% zero probability fragments
[2024-09-26 12:29:15.664] [jointLog] [info] Thread saw mini-batch with a maximum of 0.18% zero probability fragments
[2024-09-26 12:29:15.673] [jointLog] [info] Thread saw mini-batch with a maximum of 0.14% zero probability fragments
[2024-09-26 12:29:15.857] [jointLog] [info] Thread saw mini-batch with a maximum of 0.20% zero probability fragments
[2024-09-26 12:29:15.906] [jointLog] [info] Thread saw mini-batch with a maximum of 0.14% zero probability fragments
[2024-09-26 12:29:16.269] [jointLog] [info] Thread saw mini-batch with a maximum of 0.14% zero probability fragments
[2024-09-26 12:29:16.576] [jointLog] [info] Thread saw mini-batch with a maximum of 0.20% zero probability fragments
[2024-09-26 12:29:16.788] [jointLog] [info] Thread saw mini-batch with a maximum of 0.16% zero probability fragments
[2024-09-26 12:29:16.975] [jointLog] [info] Thread saw mini-batch with a maximum of 0.14% zero probability fragments
[2024-09-26 12:29:16.976] [jointLog] [info] Thread saw mini-batch with a maximum of 0.16% zero probability fragments
[2024-09-26 12:29:17.045] [jointLog] [info] Thread saw mini-batch with a maximum of 0.18% zero probability fragments
[2024-09-26 12:29:17.062] [jointLog] [info] Thread saw mini-batch with a maximum of 0.12% zero probability fragments
[2024-09-26 12:29:17.148] [jointLog] [info] Thread saw mini-batch with a maximum of 0.16% zero probability fragments
[2024-09-26 12:29:17.164] [jointLog] [info] Thread saw mini-batch with a maximum of 0.16% zero probability fragments
[2024-09-26 12:29:17.445] [jointLog] [info] Thread saw mini-batch with a maximum of 0.16% zero probability fragments
[2024-09-26 12:29:17.488] [jointLog] [info] Thread saw mini-batch with a maximum of 0.16% zero probability fragments
[2024-09-26 12:29:17.570] [jointLog] [info] Thread saw mini-batch with a maximum of 0.16% zero probability fragments
[2024-09-26 12:29:17.668] [jointLog] [info] Thread saw mini-batch with a maximum of 0.14% zero probability fragments
[2024-09-26 12:29:17.884] [jointLog] [info] Thread saw mini-batch with a maximum of 0.14% zero probability fragments
[2024-09-26 12:29:17.962] [jointLog] [info] Thread saw mini-batch with a maximum of 0.18% zero probability fragments
[2024-09-26 12:29:18.086] [jointLog] [info] Thread saw mini-batch with a maximum of 0.14% zero probability fragments
[2024-09-26 12:29:18.131] [jointLog] [info] Thread saw mini-batch with a maximum of 0.16% zero probability fragments
[2024-09-26 12:29:18.176] [jointLog] [info] Thread saw mini-batch with a maximum of 0.16% zero probability fragments
[2024-09-26 12:29:18.184] [jointLog] [info] Thread saw mini-batch with a maximum of 0.18% zero probability fragments
[2024-09-26 12:29:18.310] [jointLog] [info] Thread saw mini-batch with a maximum of 0.22% zero probability fragments
[2024-09-26 12:29:18.334] [jointLog] [info] Thread saw mini-batch with a maximum of 0.20% zero probability fragments
[2024-09-26 12:29:18.343] [jointLog] [info] Thread saw mini-batch with a maximum of 0.18% zero probability fragments
[2024-09-26 12:29:18.394] [jointLog] [info] Thread saw mini-batch with a maximum of 0.16% zero probability fragments
[2024-09-26 12:29:18.406] [jointLog] [info] Thread saw mini-batch with a maximum of 0.16% zero probability fragments
[2024-09-26 12:29:18.406] [jointLog] [info] Thread saw mini-batch with a maximum of 0.22% zero probability fragments
[2024-09-26 12:29:18.414] [jointLog] [info] Thread saw mini-batch with a maximum of 0.16% zero probability fragments
[2024-09-26 12:29:18.444] [jointLog] [info] Thread saw mini-batch with a maximum of 0.22% zero probability fragments
[2024-09-26 12:29:18.498] [jointLog] [info] Thread saw mini-batch with a maximum of 0.20% zero probability fragments
[2024-09-26 12:29:18.607] [jointLog] [info] Thread saw mini-batch with a maximum of 0.18% zero probability fragments
[2024-09-26 12:29:18.609] [jointLog] [info] Thread saw mini-batch with a maximum of 0.18% zero probability fragments
[2024-09-26 12:29:18.672] [jointLog] [info] Thread saw mini-batch with a maximum of 0.14% zero probability fragments
[2024-09-26 12:29:18.705] [jointLog] [info] Thread saw mini-batch with a maximum of 0.20% zero probability fragments
[2024-09-26 12:29:18.788] [jointLog] [info] Thread saw mini-batch with a maximum of 0.16% zero probability fragments
[2024-09-26 12:29:18.803] [jointLog] [info] Thread saw mini-batch with a maximum of 0.16% zero probability fragments
[2024-09-26 12:29:18.843] [jointLog] [info] Thread saw mini-batch with a maximum of 0.20% zero probability fragments
[2024-09-26 12:29:18.881] [jointLog] [info] Thread saw mini-batch with a maximum of 0.16% zero probability fragments
[2024-09-26 12:29:18.933] [jointLog] [info] Thread saw mini-batch with a maximum of 0.16% zero probability fragments
[2024-09-26 12:29:18.941] [jointLog] [info] Thread saw mini-batch with a maximum of 0.16% zero probability fragments
[2024-09-26 12:29:18.972] [jointLog] [info] Thread saw mini-batch with a maximum of 0.12% zero probability fragments
[2024-09-26 12:29:19.013] [jointLog] [info] Thread saw mini-batch with a maximum of 0.10% zero probability fragments
[2024-09-26 12:29:19.046] [jointLog] [info] Thread saw mini-batch with a maximum of 0.18% zero probability fragments
[2024-09-26 12:29:19.079] [jointLog] [info] Thread saw mini-batch with a maximum of 0.20% zero probability fragments
[2024-09-26 12:29:19.101] [jointLog] [info] Thread saw mini-batch with a maximum of 0.16% zero probability fragments
[2024-09-26 12:29:19.104] [jointLog] [info] Thread saw mini-batch with a maximum of 0.16% zero probability fragments
[2024-09-26 12:29:19.119] [jointLog] [info] Thread saw mini-batch with a maximum of 0.14% zero probability fragments
[2024-09-26 12:29:19.122] [jointLog] [info] Thread saw mini-batch with a maximum of 0.12% zero probability fragments
[2024-09-26 12:29:19.137] [jointLog] [info] Thread saw mini-batch with a maximum of 0.18% zero probability fragments
[2024-09-26 12:29:19.145] [jointLog] [info] Thread saw mini-batch with a maximum of 0.14% zero probability fragments
[2024-09-26 12:29:19.152] [jointLog] [info] Thread saw mini-batch with a maximum of 0.20% zero probability fragments
[2024-09-26 12:29:19.171] [jointLog] [info] Thread saw mini-batch with a maximum of 0.18% zero probability fragments
[2024-09-26 12:29:19.173] [jointLog] [info] Thread saw mini-batch with a maximum of 0.14% zero probability fragments
[2024-09-26 12:29:19.252] [jointLog] [info] Thread saw mini-batch with a maximum of 0.14% zero probability fragments
[2024-09-26 12:29:19.269] [jointLog] [info] Thread saw mini-batch with a maximum of 0.14% zero probability fragments
[2024-09-26 12:29:20.309] [fileLog] [info] 
At end of round 0
==================
Observed 8982647 total fragments (8982647 in most recent round)

[2024-09-26 12:29:20.308] [jointLog] [info] Computed 16,699 rich equivalence classes for further processing
[2024-09-26 12:29:20.308] [jointLog] [info] Counted 1,096,817 total reads in the equivalence classes 
[2024-09-26 12:29:20.416] [jointLog] [info] Number of mappings discarded because of alignment score : 18,505,127
[2024-09-26 12:29:20.416] [jointLog] [info] Number of fragments entirely discarded because of alignment score : 797,175
[2024-09-26 12:29:20.416] [jointLog] [info] Number of fragments discarded because they are best-mapped to decoys : 164,796
[2024-09-26 12:29:20.416] [jointLog] [info] Number of fragments discarded because they have only dovetail (discordant) mappings to valid targets : 0
[2024-09-26 12:29:20.442] [jointLog] [warning] Only 1096817 fragments were mapped, but the number of burn-in fragments was set to 5000000.
The effective lengths have been computed using the observed mappings.

[2024-09-26 12:29:20.442] [jointLog] [info] Mapping rate = 12.2104%

[2024-09-26 12:29:20.442] [jointLog] [info] finished quantifyLibrary()
[2024-09-26 12:29:20.454] [jointLog] [info] Starting optimizer
[2024-09-26 12:29:20.513] [jointLog] [info] Marked 0 weighted equivalence classes as degenerate
[2024-09-26 12:29:20.518] [jointLog] [info] iteration = 0 | max rel diff. = 2447.89
[2024-09-26 12:29:20.599] [jointLog] [info] iteration 11, adjusting effective lengths to account for biases
[2024-09-26 12:30:02.677] [jointLog] [info] Computed expected counts (for bias correction)
[2024-09-26 12:30:02.678] [jointLog] [info] processed bias for 0.0% of the transcripts
[2024-09-26 12:30:06.767] [jointLog] [info] processed bias for 10.0% of the transcripts
[2024-09-26 12:30:10.724] [jointLog] [info] processed bias for 20.0% of the transcripts
[2024-09-26 12:30:14.867] [jointLog] [info] processed bias for 30.0% of the transcripts
[2024-09-26 12:30:19.459] [jointLog] [info] processed bias for 40.1% of the transcripts
[2024-09-26 12:30:23.380] [jointLog] [info] processed bias for 50.0% of the transcripts
[2024-09-26 12:30:26.688] [jointLog] [info] processed bias for 60.0% of the transcripts
[2024-09-26 12:30:30.281] [jointLog] [info] processed bias for 70.0% of the transcripts
[2024-09-26 12:30:32.377] [jointLog] [info] processed bias for 80.0% of the transcripts
[2024-09-26 12:30:33.787] [jointLog] [info] processed bias for 90.0% of the transcripts
[2024-09-26 12:30:35.540] [jointLog] [info] processed bias for 100.0% of the transcripts
[2024-09-26 12:30:36.300] [jointLog] [info] iteration = 100 | max rel diff. = 7.46676
[2024-09-26 12:30:36.838] [jointLog] [info] iteration = 200 | max rel diff. = 2.94532
[2024-09-26 12:30:37.444] [jointLog] [info] iteration = 300 | max rel diff. = 2.15878
[2024-09-26 12:30:37.891] [jointLog] [info] iteration = 400 | max rel diff. = 0.401264
[2024-09-26 12:30:38.329] [jointLog] [info] iteration = 500 | max rel diff. = 1.98952
[2024-09-26 12:30:38.625] [jointLog] [info] iteration = 600 | max rel diff. = 0.0587591
[2024-09-26 12:30:39.046] [jointLog] [info] iteration = 700 | max rel diff. = 0.115341
[2024-09-26 12:30:39.399] [jointLog] [info] iteration = 800 | max rel diff. = 0.0483512
[2024-09-26 12:30:39.749] [jointLog] [info] iteration = 900 | max rel diff. = 0.0594594
[2024-09-26 12:30:40.108] [jointLog] [info] iteration = 1,000 | max rel diff. = 0.0247768
[2024-09-26 12:30:40.449] [jointLog] [info] iteration = 1,100 | max rel diff. = 0.0511877
[2024-09-26 12:30:40.523] [jointLog] [info] iteration = 1,122 | max rel diff. = 0.00428389
[2024-09-26 12:30:40.535] [jointLog] [info] Finished optimizer
[2024-09-26 12:30:40.535] [jointLog] [info] writing output 

