[2024-09-26 12:09:06.760] [jointLog] [info] setting maxHashResizeThreads to 64
[2024-09-26 12:09:06.760] [jointLog] [info] Fragment incompatibility prior below threshold.  Incompatible fragments will be ignored.
[2024-09-26 12:09:06.760] [jointLog] [info] Usage of --validateMappings implies use of minScoreFraction. Since not explicitly specified, it is being set to 0.65
[2024-09-26 12:09:06.760] [jointLog] [info] Setting consensusSlack to selective-alignment default of 0.35.
[2024-09-26 12:09:06.760] [jointLog] [info] parsing read library format
[2024-09-26 12:09:06.760] [jointLog] [info] There is 1 library.
[2024-09-26 12:09:06.763] [jointLog] [info] Loading pufferfish index
[2024-09-26 12:09:06.780] [jointLog] [info] Loading dense pufferfish index.
[2024-09-26 12:09:37.505] [jointLog] [info] done
[2024-09-26 12:09:37.707] [jointLog] [info] Index contained 44,182 targets
[2024-09-26 12:09:39.882] [jointLog] [info] Number of decoys : 871
[2024-09-26 12:09:39.882] [jointLog] [info] First decoy index : 43,311 
[2024-09-26 12:09:39.892] [jointLog] [warning] Fragment GC bias correction is currently *experimental* in single-end libraries.  Please use this option with caution.
[2024-09-26 12:12:43.798] [jointLog] [info] Automatically detected most likely library type as SF

[2024-09-26 12:28:21.260] [jointLog] [info] Thread saw mini-batch with a maximum of 0.04% zero probability fragments
[2024-09-26 12:28:21.263] [jointLog] [info] Thread saw mini-batch with a maximum of 0.04% zero probability fragments
[2024-09-26 12:28:21.416] [jointLog] [info] Thread saw mini-batch with a maximum of 0.04% zero probability fragments
[2024-09-26 12:28:21.443] [jointLog] [info] Thread saw mini-batch with a maximum of 0.08% zero probability fragments
[2024-09-26 12:28:21.462] [jointLog] [info] Thread saw mini-batch with a maximum of 0.08% zero probability fragments
[2024-09-26 12:28:21.683] [jointLog] [info] Thread saw mini-batch with a maximum of 0.08% zero probability fragments
[2024-09-26 12:28:21.692] [jointLog] [info] Thread saw mini-batch with a maximum of 0.06% zero probability fragments
[2024-09-26 12:28:21.739] [jointLog] [info] Thread saw mini-batch with a maximum of 0.08% zero probability fragments
[2024-09-26 12:28:22.084] [jointLog] [info] Thread saw mini-batch with a maximum of 0.08% zero probability fragments
[2024-09-26 12:28:22.201] [jointLog] [info] Thread saw mini-batch with a maximum of 0.08% zero probability fragments
[2024-09-26 12:28:22.383] [jointLog] [info] Thread saw mini-batch with a maximum of 0.06% zero probability fragments
[2024-09-26 12:28:22.542] [jointLog] [info] Thread saw mini-batch with a maximum of 0.04% zero probability fragments
[2024-09-26 12:28:23.572] [jointLog] [info] Thread saw mini-batch with a maximum of 0.06% zero probability fragments
[2024-09-26 12:28:23.847] [jointLog] [info] Thread saw mini-batch with a maximum of 0.06% zero probability fragments
[2024-09-26 12:28:23.941] [jointLog] [info] Thread saw mini-batch with a maximum of 0.06% zero probability fragments
[2024-09-26 12:28:24.104] [jointLog] [info] Thread saw mini-batch with a maximum of 0.04% zero probability fragments
[2024-09-26 12:28:24.297] [jointLog] [info] Thread saw mini-batch with a maximum of 0.06% zero probability fragments
[2024-09-26 12:28:24.575] [jointLog] [info] Thread saw mini-batch with a maximum of 0.08% zero probability fragments
[2024-09-26 12:28:25.022] [jointLog] [info] Thread saw mini-batch with a maximum of 0.06% zero probability fragments
[2024-09-26 12:28:25.689] [jointLog] [info] Thread saw mini-batch with a maximum of 0.06% zero probability fragments
[2024-09-26 12:28:25.779] [jointLog] [info] Thread saw mini-batch with a maximum of 0.08% zero probability fragments
[2024-09-26 12:28:26.103] [jointLog] [info] Thread saw mini-batch with a maximum of 0.08% zero probability fragments
[2024-09-26 12:28:26.311] [jointLog] [info] Thread saw mini-batch with a maximum of 0.10% zero probability fragments
[2024-09-26 12:28:26.488] [jointLog] [info] Thread saw mini-batch with a maximum of 0.08% zero probability fragments
[2024-09-26 12:28:26.612] [jointLog] [info] Thread saw mini-batch with a maximum of 0.06% zero probability fragments
[2024-09-26 12:28:26.868] [jointLog] [info] Thread saw mini-batch with a maximum of 0.06% zero probability fragments
[2024-09-26 12:28:27.324] [jointLog] [info] Thread saw mini-batch with a maximum of 0.06% zero probability fragments
[2024-09-26 12:28:27.338] [jointLog] [info] Thread saw mini-batch with a maximum of 0.08% zero probability fragments
[2024-09-26 12:28:27.407] [jointLog] [info] Thread saw mini-batch with a maximum of 0.06% zero probability fragments
[2024-09-26 12:28:27.660] [jointLog] [info] Thread saw mini-batch with a maximum of 0.08% zero probability fragments
[2024-09-26 12:28:27.875] [jointLog] [info] Thread saw mini-batch with a maximum of 0.08% zero probability fragments
[2024-09-26 12:28:28.162] [jointLog] [info] Thread saw mini-batch with a maximum of 0.08% zero probability fragments
[2024-09-26 12:28:28.841] [jointLog] [info] Thread saw mini-batch with a maximum of 0.06% zero probability fragments
[2024-09-26 12:28:29.871] [jointLog] [info] Thread saw mini-batch with a maximum of 0.04% zero probability fragments
[2024-09-26 12:28:30.182] [jointLog] [info] Thread saw mini-batch with a maximum of 0.06% zero probability fragments
[2024-09-26 12:28:31.313] [jointLog] [info] Thread saw mini-batch with a maximum of 0.06% zero probability fragments
[2024-09-26 12:28:32.369] [jointLog] [info] Thread saw mini-batch with a maximum of 0.08% zero probability fragments
[2024-09-26 12:28:32.725] [jointLog] [info] Thread saw mini-batch with a maximum of 0.06% zero probability fragments
[2024-09-26 12:28:33.239] [jointLog] [info] Thread saw mini-batch with a maximum of 0.08% zero probability fragments
[2024-09-26 12:28:33.886] [jointLog] [info] Thread saw mini-batch with a maximum of 0.04% zero probability fragments
[2024-09-26 12:28:34.151] [jointLog] [info] Thread saw mini-batch with a maximum of 0.04% zero probability fragments
[2024-09-26 12:28:34.476] [jointLog] [info] Thread saw mini-batch with a maximum of 0.06% zero probability fragments
[2024-09-26 12:28:34.832] [jointLog] [info] Thread saw mini-batch with a maximum of 0.08% zero probability fragments
[2024-09-26 12:28:35.909] [jointLog] [info] Thread saw mini-batch with a maximum of 0.04% zero probability fragments
[2024-09-26 12:28:36.078] [jointLog] [info] Thread saw mini-batch with a maximum of 0.10% zero probability fragments
[2024-09-26 12:28:38.180] [jointLog] [info] Thread saw mini-batch with a maximum of 0.10% zero probability fragments
[2024-09-26 12:28:38.764] [jointLog] [info] Thread saw mini-batch with a maximum of 0.06% zero probability fragments
[2024-09-26 12:28:39.228] [jointLog] [info] Thread saw mini-batch with a maximum of 0.06% zero probability fragments
[2024-09-26 12:28:39.490] [jointLog] [info] Thread saw mini-batch with a maximum of 0.04% zero probability fragments
[2024-09-26 12:28:40.565] [jointLog] [info] Thread saw mini-batch with a maximum of 0.06% zero probability fragments
[2024-09-26 12:28:40.685] [jointLog] [info] Thread saw mini-batch with a maximum of 0.04% zero probability fragments
[2024-09-26 12:28:40.891] [jointLog] [info] Thread saw mini-batch with a maximum of 0.08% zero probability fragments
[2024-09-26 12:28:40.898] [jointLog] [info] Thread saw mini-batch with a maximum of 0.08% zero probability fragments
[2024-09-26 12:28:40.944] [jointLog] [info] Thread saw mini-batch with a maximum of 0.06% zero probability fragments
[2024-09-26 12:28:41.208] [jointLog] [info] Thread saw mini-batch with a maximum of 0.06% zero probability fragments
[2024-09-26 12:28:41.331] [jointLog] [info] Thread saw mini-batch with a maximum of 0.08% zero probability fragments
[2024-09-26 12:28:41.605] [jointLog] [info] Thread saw mini-batch with a maximum of 0.06% zero probability fragments
[2024-09-26 12:28:42.397] [jointLog] [info] Thread saw mini-batch with a maximum of 0.06% zero probability fragments
[2024-09-26 12:28:42.437] [jointLog] [info] Thread saw mini-batch with a maximum of 0.04% zero probability fragments
[2024-09-26 12:28:42.635] [jointLog] [info] Thread saw mini-batch with a maximum of 0.06% zero probability fragments
[2024-09-26 12:28:42.748] [jointLog] [info] Thread saw mini-batch with a maximum of 0.06% zero probability fragments
[2024-09-26 12:28:44.043] [jointLog] [info] Thread saw mini-batch with a maximum of 0.04% zero probability fragments
[2024-09-26 12:28:44.501] [jointLog] [info] Thread saw mini-batch with a maximum of 0.04% zero probability fragments
[2024-09-26 12:28:44.619] [jointLog] [info] Thread saw mini-batch with a maximum of 0.06% zero probability fragments
[2024-09-26 12:28:48.676] [fileLog] [info] 
At end of round 0
==================
Observed 7930434 total fragments (7930434 in most recent round)

[2024-09-26 12:28:48.675] [jointLog] [info] Computed 7,779 rich equivalence classes for further processing
[2024-09-26 12:28:48.675] [jointLog] [info] Counted 285,823 total reads in the equivalence classes 
[2024-09-26 12:28:48.912] [jointLog] [info] Number of mappings discarded because of alignment score : 31,348,061
[2024-09-26 12:28:48.912] [jointLog] [info] Number of fragments entirely discarded because of alignment score : 351,843
[2024-09-26 12:28:48.912] [jointLog] [info] Number of fragments discarded because they are best-mapped to decoys : 49,409
[2024-09-26 12:28:48.912] [jointLog] [info] Number of fragments discarded because they have only dovetail (discordant) mappings to valid targets : 0
[2024-09-26 12:28:49.040] [jointLog] [warning] Only 285823 fragments were mapped, but the number of burn-in fragments was set to 5000000.
The effective lengths have been computed using the observed mappings.

[2024-09-26 12:28:49.040] [jointLog] [info] Mapping rate = 3.60413%

[2024-09-26 12:28:49.069] [jointLog] [info] finished quantifyLibrary()
[2024-09-26 12:28:49.084] [jointLog] [info] Starting optimizer
[2024-09-26 12:28:49.340] [jointLog] [info] Marked 0 weighted equivalence classes as degenerate
[2024-09-26 12:28:49.367] [jointLog] [info] iteration = 0 | max rel diff. = 653.715
[2024-09-26 12:28:49.693] [jointLog] [info] iteration 11, adjusting effective lengths to account for biases
[2024-09-26 12:29:40.703] [jointLog] [info] Computed expected counts (for bias correction)
[2024-09-26 12:29:40.705] [jointLog] [info] processed bias for 0.0% of the transcripts
[2024-09-26 12:29:44.484] [jointLog] [info] processed bias for 10.0% of the transcripts
[2024-09-26 12:29:48.534] [jointLog] [info] processed bias for 20.0% of the transcripts
[2024-09-26 12:29:52.430] [jointLog] [info] processed bias for 30.1% of the transcripts
[2024-09-26 12:29:55.818] [jointLog] [info] processed bias for 40.0% of the transcripts
[2024-09-26 12:29:58.943] [jointLog] [info] processed bias for 50.0% of the transcripts
[2024-09-26 12:30:01.504] [jointLog] [info] processed bias for 60.0% of the transcripts
[2024-09-26 12:30:05.700] [jointLog] [info] processed bias for 70.0% of the transcripts
[2024-09-26 12:30:10.620] [jointLog] [info] processed bias for 80.0% of the transcripts
[2024-09-26 12:30:16.449] [jointLog] [info] processed bias for 90.0% of the transcripts
[2024-09-26 12:30:21.674] [jointLog] [info] processed bias for 100.0% of the transcripts
[2024-09-26 12:30:23.322] [jointLog] [info] iteration = 100 | max rel diff. = 9.96416
[2024-09-26 12:30:24.976] [jointLog] [info] iteration = 200 | max rel diff. = 6.91054
[2024-09-26 12:30:26.574] [jointLog] [info] iteration = 300 | max rel diff. = 3.29142
[2024-09-26 12:30:27.595] [jointLog] [info] iteration = 400 | max rel diff. = 0.0691825
[2024-09-26 12:30:28.787] [jointLog] [info] iteration = 500 | max rel diff. = 1.06442
[2024-09-26 12:30:30.049] [jointLog] [info] iteration = 600 | max rel diff. = 1.01351
[2024-09-26 12:30:31.554] [jointLog] [info] iteration = 700 | max rel diff. = 0.132612
[2024-09-26 12:30:32.510] [jointLog] [info] iteration = 780 | max rel diff. = 0.00251464
[2024-09-26 12:30:32.535] [jointLog] [info] Finished optimizer
[2024-09-26 12:30:32.535] [jointLog] [info] writing output 

